<?xml version="1.0" encoding="UTF-8"?>
<testng-results skipped="0" failed="1" ignored="0" total="2" passed="1">
  <reporter-output>
  </reporter-output>
  <suite name="Default suite" duration-ms="111523" started-at="2018-05-01T15:29:53Z" finished-at="2018-05-01T15:31:44Z">
    <groups>
    </groups>
    <test name="Default test" duration-ms="111523" started-at="2018-05-01T15:29:53Z" finished-at="2018-05-01T15:31:44Z">
      <class name="FreeCrmHashMap.HashmapTest">
        <test-method status="PASS" signature="setUp()[pri:0, instance:FreeCrmHashMap.HashmapTest@e25b2fe]" name="setUp" is-config="true" duration-ms="54481" started-at="2018-05-01T20:59:53Z" finished-at="2018-05-01T21:00:47Z">
          <reporter-output>
          </reporter-output>
        </test-method> <!-- setUp -->
        <test-method status="FAIL" signature="loginWithCustomerUser()[pri:1, instance:FreeCrmHashMap.HashmapTest@e25b2fe]" name="loginWithCustomerUser" duration-ms="8434" started-at="2018-05-01T21:00:47Z" finished-at="2018-05-01T21:00:55Z">
          <exception class="org.openqa.selenium.NoSuchFrameException">
            <message>
              <![CDATA[No frame element found by name or id processFrame
Build info: version: '3.5.3', revision: 'a88d25fe6b', time: '2017-08-29T12:42:44.417Z'
System info: host: 'LAPTOP-MHOFMG9V', ip: '192.168.0.103', os.name: 'Windows 10', os.arch: 'amd64', os.version: '10.0', java.version: '1.8.0_161'
Driver info: driver.version: unknown]]>
            </message>
            <full-stacktrace>
              <![CDATA[org.openqa.selenium.NoSuchFrameException: No frame element found by name or id processFrame
Build info: version: '3.5.3', revision: 'a88d25fe6b', time: '2017-08-29T12:42:44.417Z'
System info: host: 'LAPTOP-MHOFMG9V', ip: '192.168.0.103', os.name: 'Windows 10', os.arch: 'amd64', os.version: '10.0', java.version: '1.8.0_161'
Driver info: driver.version: unknown
	at org.openqa.selenium.remote.RemoteWebDriver$RemoteTargetLocator.frame(RemoteWebDriver.java:982)
	at FreeCrmHashMap.HashmapTest.loginWithCustomerUser(HashmapTest.java:53)
	at sun.reflect.NativeMethodAccessorImpl.invoke0(Native Method)
	at sun.reflect.NativeMethodAccessorImpl.invoke(NativeMethodAccessorImpl.java:62)
	at sun.reflect.DelegatingMethodAccessorImpl.invoke(DelegatingMethodAccessorImpl.java:43)
	at java.lang.reflect.Method.invoke(Method.java:498)
	at org.testng.internal.MethodInvocationHelper.invokeMethod(MethodInvocationHelper.java:108)
	at org.testng.internal.Invoker.invokeMethod(Invoker.java:661)
	at org.testng.internal.Invoker.invokeTestMethod(Invoker.java:869)
	at org.testng.internal.Invoker.invokeTestMethods(Invoker.java:1193)
	at org.testng.internal.TestMethodWorker.invokeTestMethods(TestMethodWorker.java:126)
	at org.testng.internal.TestMethodWorker.run(TestMethodWorker.java:109)
	at org.testng.TestRunner.privateRun(TestRunner.java:744)
	at org.testng.TestRunner.run(TestRunner.java:602)
	at org.testng.SuiteRunner.runTest(SuiteRunner.java:380)
	at org.testng.SuiteRunner.runSequentially(SuiteRunner.java:375)
	at org.testng.SuiteRunner.privateRun(SuiteRunner.java:340)
	at org.testng.SuiteRunner.run(SuiteRunner.java:289)
	at org.testng.SuiteRunnerWorker.runSuite(SuiteRunnerWorker.java:52)
	at org.testng.SuiteRunnerWorker.run(SuiteRunnerWorker.java:86)
	at org.testng.TestNG.runSuitesSequentially(TestNG.java:1301)
	at org.testng.TestNG.runSuitesLocally(TestNG.java:1226)
	at org.testng.TestNG.runSuites(TestNG.java:1144)
	at org.testng.TestNG.run(TestNG.java:1115)
	at org.testng.remote.AbstractRemoteTestNG.run(AbstractRemoteTestNG.java:114)
	at org.testng.remote.RemoteTestNG.initAndRun(RemoteTestNG.java:251)
	at org.testng.remote.RemoteTestNG.main(RemoteTestNG.java:77)
]]>
            </full-stacktrace>
          </exception> <!-- org.openqa.selenium.NoSuchFrameException -->
          <reporter-output>
          </reporter-output>
        </test-method> <!-- loginWithCustomerUser -->
        <test-method status="PASS" signature="endUP()[pri:0, instance:FreeCrmHashMap.HashmapTest@e25b2fe]" name="endUP" is-config="true" duration-ms="16887" started-at="2018-05-01T21:00:56Z" finished-at="2018-05-01T21:01:12Z">
          <reporter-output>
          </reporter-output>
        </test-method> <!-- endUP -->
        <test-method status="PASS" signature="setUp()[pri:0, instance:FreeCrmHashMap.HashmapTest@e25b2fe]" name="setUp" is-config="true" duration-ms="27071" started-at="2018-05-01T21:01:12Z" finished-at="2018-05-01T21:01:39Z">
          <reporter-output>
          </reporter-output>
        </test-method> <!-- setUp -->
        <test-method status="PASS" signature="loginWithAdminUser()[pri:2, instance:FreeCrmHashMap.HashmapTest@e25b2fe]" name="loginWithAdminUser" duration-ms="3280" started-at="2018-05-01T21:01:39Z" finished-at="2018-05-01T21:01:43Z">
          <reporter-output>
          </reporter-output>
        </test-method> <!-- loginWithAdminUser -->
        <test-method status="PASS" signature="endUP()[pri:0, instance:FreeCrmHashMap.HashmapTest@e25b2fe]" name="endUP" is-config="true" duration-ms="1273" started-at="2018-05-01T21:01:43Z" finished-at="2018-05-01T21:01:44Z">
          <reporter-output>
          </reporter-output>
        </test-method> <!-- endUP -->
      </class> <!-- FreeCrmHashMap.HashmapTest -->
    </test> <!-- Default test -->
  </suite> <!-- Default suite -->
</testng-results>
